added manifest
adding: clientserver/(in = 0) (out= 0)(stored 0%)
adding: clientserver/GameBasics.class(in = 699) (out= 448)(deflated 35%)
adding: clientserver/GameClient$ThreadClient.class(in = 3119) (out= 1661)(deflated 46%)
adding: clientserver/GameClient.class(in = 8573) (out= 4332)(deflated 49%)
adding: clientserver/GameServer$ThreadServer$Worked.class(in = 3641) (out= 1960)(deflated 46%)
adding: clientserver/GameServer$ThreadServer.class(in = 2637) (out= 1421)(deflated 46%)
adding: clientserver/GameServer.class(in = 6181) (out= 3110)(deflated 49%)
adding: controller/(in = 0) (out= 0)(stored 0%)
adding: controller/GridController.class(in = 5295) (out= 2964)(deflated 44%)
adding: controller/MenuController.class(in = 4577) (out= 2594)(deflated 43%)
adding: controller/Move.class(in = 281) (out= 230)(deflated 18%)
adding: controller/SettingController.class(in = 5799) (out= 2818)(deflated 51%)
adding: game/(in = 0) (out= 0)(stored 0%)
adding: game/Main.class(in = 388) (out= 282)(deflated 27%)
adding: game-jar.err(in = 0) (out= 0)(stored 0%)
adding: game-jar.out(in = 1072) (out= 306)(deflated 71%)
adding: model/(in = 0) (out= 0)(stored 0%)
adding: model/Constants.class(in = 979) (out= 578)(deflated 40%)
adding: model/GenerateGrid.class(in = 1843) (out= 1018)(deflated 44%)
adding: model/Path.class(in = 2616) (out= 1201)(deflated 54%)
adding: model/ScoreReader.class(in = 1470) (out= 792)(deflated 46%)
adding: model/SoundPlayer.class(in = 1694) (out= 929)(deflated 45%)
adding: view/(in = 0) (out= 0)(stored 0%)
adding: view/BottomPanel$1.class(in = 1407) (out= 781)(deflated 44%)
adding: view/BottomPanel.class(in = 2310) (out= 1249)(deflated 45%)
adding: view/Container.class(in = 1943) (out= 1056)(deflated 45%)
adding: view/Grid.class(in = 2583) (out= 1441)(deflated 44%)
adding: view/MainFrame.class(in = 5032) (out= 2660)(deflated 47%)
adding: view/Settings.class(in = 6979) (out= 3568)(deflated 48%)
adding: view/StartSplash.class(in = 1762) (out= 987)(deflated 43%)
adding: view/TextColor.class(in = 1254) (out= 802)(deflated 36%)
adding: view/WinSplash.class(in = 2265) (out= 1268)(deflated 44%)
