added manifest
adding: applause.wav(in = 1294140) (out= 1086317)(deflated 16%)
adding: bscore.jpg(in = 2467) (out= 2283)(deflated 7%)
adding: controller/(in = 0) (out= 0)(stored 0%)
adding: controller/GridController.class(in = 5094) (out= 2863)(deflated 43%)
adding: controller/MenuController.class(in = 4448) (out= 2547)(deflated 42%)
adding: controller/Move.class(in = 281) (out= 231)(deflated 17%)
adding: controller/SettingController.class(in = 5799) (out= 2818)(deflated 51%)
adding: easy.png(in = 5015) (out= 5020)(deflated 0%)
adding: exit.png(in = 40220) (out= 30774)(deflated 23%)
adding: game/(in = 0) (out= 0)(stored 0%)
adding: game/applause.wav(in = 1294140) (out= 1086317)(deflated 16%)
adding: game/bscore.jpg(in = 2467) (out= 2283)(deflated 7%)
adding: game/easy.png(in = 5015) (out= 5020)(deflated 0%)
adding: game/exit.png(in = 40220) (out= 30774)(deflated 23%)
adding: game/hard.png(in = 4992) (out= 4997)(deflated 0%)
adding: game/highscores.gif(in = 22598) (out= 21314)(deflated 5%)
adding: game/hscore.jpg(in = 3026) (out= 2845)(deflated 5%)
adding: game/jeopardy.wav(in = 5383180) (out= 4340382)(deflated 19%)
adding: game/load.png(in = 3791) (out= 3140)(deflated 17%)
adding: game/Main.class(in = 320) (out= 245)(deflated 23%)
adding: game/medium.png(in = 4704) (out= 4709)(deflated 0%)
adding: game/new.png(in = 121873) (out= 88390)(deflated 27%)
adding: game/numpuzz.jpg(in = 7963) (out= 7722)(deflated 3%)
adding: game/pscore.jpg(in = 3989) (out= 3815)(deflated 4%)
adding: game/puzzle.png(in = 376) (out= 376)(deflated 0%)
adding: game/restart.png(in = 3572) (out= 3577)(deflated 0%)
adding: game/save.png(in = 2971) (out= 2328)(deflated 21%)
adding: game/song.wav(in = 48793358) (out= 41007995)(deflated 15%)
adding: game/start.jpg(in = 101503) (out= 96207)(deflated 5%)
adding: game/timer.gif(in = 21679) (out= 20052)(deflated 7%)
adding: game/undo.png(in = 1345) (out= 1350)(deflated 0%)
adding: game/winner.jpg(in = 273635) (out= 271582)(deflated 0%)
adding: game-jar.err(in = 0) (out= 0)(stored 0%)
adding: game-jar.out(in = 2066) (out= 563)(deflated 72%)
adding: hard.png(in = 4992) (out= 4997)(deflated 0%)
adding: highscores.gif(in = 22598) (out= 21314)(deflated 5%)
adding: hscore.jpg(in = 3026) (out= 2845)(deflated 5%)
adding: jeopardy.wav(in = 5383180) (out= 4340382)(deflated 19%)
adding: load.png(in = 3791) (out= 3140)(deflated 17%)
adding: medium.png(in = 4704) (out= 4709)(deflated 0%)
adding: model/(in = 0) (out= 0)(stored 0%)
adding: model/Constants.class(in = 979) (out= 577)(deflated 41%)
adding: model/GenerateGrid.class(in = 1843) (out= 1018)(deflated 44%)
adding: model/Path.class(in = 2616) (out= 1201)(deflated 54%)
adding: model/ScoreReader.class(in = 1495) (out= 817)(deflated 45%)
adding: model/SoundPlayer.class(in = 1694) (out= 930)(deflated 45%)
adding: new.png(in = 121873) (out= 88390)(deflated 27%)
adding: numpuzz.jpg(in = 7963) (out= 7722)(deflated 3%)
adding: pscore.jpg(in = 3989) (out= 3815)(deflated 4%)
adding: puzzle.png(in = 376) (out= 376)(deflated 0%)
adding: restart.png(in = 3572) (out= 3577)(deflated 0%)
adding: save.png(in = 2971) (out= 2328)(deflated 21%)
adding: song.wav(in = 48793358) (out= 41007995)(deflated 15%)
adding: start.jpg(in = 101503) (out= 96207)(deflated 5%)
adding: timer.gif(in = 21679) (out= 20052)(deflated 7%)
adding: undo.png(in = 1345) (out= 1350)(deflated 0%)
adding: view/(in = 0) (out= 0)(stored 0%)
adding: view/BottomPanel$1.class(in = 993) (out= 584)(deflated 41%)
adding: view/BottomPanel.class(in = 2263) (out= 1241)(deflated 45%)
adding: view/Container.class(in = 1793) (out= 995)(deflated 44%)
adding: view/Grid.class(in = 2512) (out= 1412)(deflated 43%)
adding: view/MainFrame.class(in = 4295) (out= 2409)(deflated 43%)
adding: view/Settings.class(in = 6908) (out= 3540)(deflated 48%)
adding: view/StartSplash.class(in = 1752) (out= 980)(deflated 44%)
adding: view/TextColor.class(in = 1254) (out= 802)(deflated 36%)
adding: view/WinSplash.class(in = 2108) (out= 1200)(deflated 43%)
adding: winner.jpg(in = 273635) (out= 271582)(deflated 0%)
